<?xml version="1.0" encoding="UTF-8"?>
<testsuite name="com.zhy.http.okhttp.ExampleUnitTest" tests="1" skipped="0" failures="0" errors="0" timestamp="2020-06-08T03:37:01" hostname="yinshaohua.local" time="0.0">
  <properties/>
  <testcase name="addition_isCorrect" classname="com.zhy.http.okhttp.ExampleUnitTest" time="0.0"/>
  <system-out><![CDATA[]]></system-out>
  <system-err><![CDATA[]]></system-err>
</testsuite>
